c:\users\sonic\onedrive\文件\repos\teamproject5\x64\release\vc142.pdb
c:\users\sonic\onedrive\文件\repos\teamproject5\x64\release\window.obj
c:\users\sonic\onedrive\文件\repos\teamproject5\x64\release\uimanager.obj
c:\users\sonic\onedrive\文件\repos\teamproject5\x64\release\titlescene.obj
c:\users\sonic\onedrive\文件\repos\teamproject5\x64\release\sfx.obj
c:\users\sonic\onedrive\文件\repos\teamproject5\x64\release\scenebase.obj
c:\users\sonic\onedrive\文件\repos\teamproject5\x64\release\primitives.obj
c:\users\sonic\onedrive\文件\repos\teamproject5\x64\release\mapchipmanager.obj
c:\users\sonic\onedrive\文件\repos\teamproject5\x64\release\main.obj
c:\users\sonic\onedrive\文件\repos\teamproject5\x64\release\gamescene.obj
c:\users\sonic\onedrive\文件\repos\teamproject5\x64\release\ecs.obj
c:\users\sonic\onedrive\文件\repos\teamproject5\x64\release\controller.obj
c:\users\sonic\onedrive\文件\repos\teamproject5\x64\release\configurationmanager.obj
c:\users\sonic\onedrive\文件\repos\teamproject5\x64\release\collisionsystem.obj
c:\users\sonic\onedrive\文件\repos\teamproject5\x64\release\colliders.obj
c:\users\sonic\onedrive\文件\repos\teamproject5\x64\release\animator.obj
c:\users\sonic\onedrive\文件\repos\teamproject5\x64\release\dash.ipdb
c:\users\sonic\onedrive\文件\repos\teamproject5\x64\release\dash.iobj
c:\users\sonic\onedrive\文件\repos\teamproject5\x64\release\concrt140.dll
c:\users\sonic\onedrive\文件\repos\teamproject5\x64\release\msvcp140.dll
c:\users\sonic\onedrive\文件\repos\teamproject5\x64\release\msvcp140_1.dll
c:\users\sonic\onedrive\文件\repos\teamproject5\x64\release\msvcp140_2.dll
c:\users\sonic\onedrive\文件\repos\teamproject5\x64\release\msvcp140_codecvt_ids.dll
c:\users\sonic\onedrive\文件\repos\teamproject5\x64\release\vccorlib140.dll
c:\users\sonic\onedrive\文件\repos\teamproject5\x64\release\vcruntime140.dll
c:\users\sonic\onedrive\文件\repos\teamproject5\x64\release\vcruntime140_1.dll
c:\users\sonic\onedrive\文件\repos\teamproject5\x64\release\vcamp140.dll
c:\users\sonic\onedrive\文件\repos\teamproject5\x64\release\vcomp140.dll
c:\users\sonic\onedrive\文件\repos\teamproject5\x64\release\dash.exe
c:\users\sonic\onedrive\文件\repos\teamproject5\x64\release\dash.pdb
c:\users\sonic\onedrive\文件\repos\teamproject5\x64\release\dash.tlog\cl.command.1.tlog
c:\users\sonic\onedrive\文件\repos\teamproject5\x64\release\dash.tlog\cl.read.1.tlog
c:\users\sonic\onedrive\文件\repos\teamproject5\x64\release\dash.tlog\cl.write.1.tlog
c:\users\sonic\onedrive\文件\repos\teamproject5\x64\release\dash.tlog\dash.read.1u.tlog
c:\users\sonic\onedrive\文件\repos\teamproject5\x64\release\dash.tlog\dash.write.1u.tlog
c:\users\sonic\onedrive\文件\repos\teamproject5\x64\release\dash.tlog\link.command.1.tlog
c:\users\sonic\onedrive\文件\repos\teamproject5\x64\release\dash.tlog\link.read.1.tlog
c:\users\sonic\onedrive\文件\repos\teamproject5\x64\release\dash.tlog\link.write.1.tlog
