D:\Microsoft Visual Studio\2019\Preview\MSBuild\Microsoft\VC\v160\Microsoft.CppBuild.targets(464,5): warning MSB8028: 中間ディレクトリ (x64\Debug\) に別のプロジェクト (ChipmunkDemo.vcxproj) と共有されているファイルが含まれています。これにより、クリーンしてリビルド動作が適切に行われない可能性があります。
  Animator.cpp
  Colliders.cpp
  CollisionSystem.cpp
  ConfigurationManager.cpp
  Controller.cpp
  ECS.cpp
  GameScene.cpp
  main.cpp
  MapChipManager.cpp
  Primitives.cpp
  SceneBase.cpp
  SFX.cpp
  TitleScene.cpp
  UIManager.cpp
C:\Users\sonic\OneDrive\文件\repos\TeamProject5\UIManager.cpp(46,84): warning C4244: '引数': 'float' から 'int' への変換です。データが失われる可能性があります。
C:\Users\sonic\OneDrive\文件\repos\TeamProject5\UIManager.cpp(46,49): warning C4244: '引数': 'float' から 'int' への変換です。データが失われる可能性があります。
C:\Users\sonic\OneDrive\文件\repos\TeamProject5\UIManager.cpp(49,77): warning C4244: '引数': 'float' から 'int' への変換です。データが失われる可能性があります。
C:\Users\sonic\OneDrive\文件\repos\TeamProject5\UIManager.cpp(49,45): warning C4244: '引数': 'float' から 'int' への変換です。データが失われる可能性があります。
C:\Users\sonic\OneDrive\文件\repos\TeamProject5\UIManager.cpp(51,82): warning C4244: '引数': 'float' から 'int' への変換です。データが失われる可能性があります。
C:\Users\sonic\OneDrive\文件\repos\TeamProject5\UIManager.cpp(51,47): warning C4244: '引数': 'float' から 'int' への変換です。データが失われる可能性があります。
C:\Users\sonic\OneDrive\文件\repos\TeamProject5\UIManager.cpp(52,81): warning C4244: '引数': 'float' から 'int' への変換です。データが失われる可能性があります。
C:\Users\sonic\OneDrive\文件\repos\TeamProject5\UIManager.cpp(52,47): warning C4244: '引数': 'float' から 'int' への変換です。データが失われる可能性があります。
C:\Users\sonic\OneDrive\文件\repos\TeamProject5\UIManager.cpp(97,60): warning C4244: '引数': 'float' から 'int' への変換です。データが失われる可能性があります。
C:\Users\sonic\OneDrive\文件\repos\TeamProject5\UIManager.cpp(97,44): warning C4244: '引数': 'float' から 'int' への変換です。データが失われる可能性があります。
C:\Users\sonic\OneDrive\文件\repos\TeamProject5\UIManager.cpp(105,86): warning C4244: '引数': 'float' から 'int' への変換です。データが失われる可能性があります。
C:\Users\sonic\OneDrive\文件\repos\TeamProject5\UIManager.cpp(105,34): warning C4244: '引数': 'float' から 'int' への変換です。データが失われる可能性があります。
  Window.cpp
  コードを生成中...
C:\Users\sonic\OneDrive\文件\repos\TeamProject5\Controller.cpp(122): warning C4715: '`PlayerController::HandleShield'::`2'::<lambda_1>::operator()': 値を返さないコントロール パスがあります。
  ChipmunkDemo.vcxproj -> C:\Users\sonic\OneDrive\文件\repos\TeamProject5\x64\Debug\Dash.exe
